Processing esp32dev (platform: espressif32; board: esp32dev; framework: arduino)
--------------------------------------------------------------------------------
Verbose mode can be enabled via `-v, --verbose` option
CONFIGURATION: https://docs.platformio.org/page/boards/espressif32/esp32dev.html
PLATFORM: Espressif 32 (6.12.0) > Espressif ESP32 Dev Module
HARDWARE: ESP32 240MHz, 320KB RAM, 4MB Flash
DEBUG: Current (cmsis-dap) External (cmsis-dap, esp-bridge, esp-prog, iot-bus-jtag, jlink, minimodule, olimex-arm-usb-ocd, olimex-arm-usb-ocd-h, olimex-arm-usb-tiny-h, olimex-jtag-tiny, tumpa)
PACKAGES: 
 - framework-arduinoespressif32 @ 3.20017.241212+sha.dcc1105b 
 - tool-esptoolpy @ 2.40900.250804 (4.9.0) 
 - toolchain-xtensa-esp32 @ 8.4.0+2021r2-patch5
LDF: Library Dependency Finder -> https://bit.ly/configure-pio-ldf
LDF Modes: Finder ~ chain, Compatibility ~ soft
Found 37 compatible libraries
Scanning dependencies...
Dependency Graph
|-- ESP32Servo @ 3.1.3
|-- MPU6050_tockn @ 1.5.2
|-- ezLED @ 1.0.1
|-- OneButton @ 2.6.2
|-- EEPROM @ 2.0.0
Building in release mode
Compiling .pio\build\esp32dev\src\_root_includes.cpp.o
Compiling .pio\build\esp32dev\src\main.cpp.o
Archiving .pio\build\esp32dev\libdca\libESP32Servo.a
Indexing .pio\build\esp32dev\libdca\libESP32Servo.a
Archiving .pio\build\esp32dev\lib345\libWire.a
Indexing .pio\build\esp32dev\lib345\libWire.a
Archiving .pio\build\esp32dev\lib3f1\libMPU6050_tockn.a
Indexing .pio\build\esp32dev\lib3f1\libMPU6050_tockn.a
Archiving .pio\build\esp32dev\lib8fe\libezLED.a
Indexing .pio\build\esp32dev\lib8fe\libezLED.a
Archiving .pio\build\esp32dev\libebb\libOneButton.a
Indexing .pio\build\esp32dev\libebb\libOneButton.a

