Processing unit (platform: native; board: native_custom; build_flags: -Isrc)
--------------------------------------------------------------------------------
CONFIGURATION: https://docs.platformio.org/page/boards/native/native_custom.html
PLATFORM: Native (1.2.1) > Native (custom)
HARDWARE: 0MHz, 1B RAM, 1B Flash
LDF: Library Dependency Finder -> https://bit.ly/configure-pio-ldf
LDF Modes: Finder ~ chain, Compatibility ~ soft
Found 0 compatible libraries
Scanning dependencies...
No dependencies
Building in release mode
g++ -o .pio\build\unit\src\_root_includes.o -c -DPLATFORMIO=60119 -Isrc src\_root_includes.cpp
g++ -o .pio\build\unit\src\main.o -c -DPLATFORMIO=60119 -Isrc src\main.cpp
g++ -o .pio\build\unit\src\utils.o -c -DPLATFORMIO=60119 -Isrc src\utils.cpp
pio : *** [.pio\build\unit\src\_root_includes.o] Error 1
At line:1 char:1
+ pio run -e unit -v > unit_verbose.log 2>&1; powershell -c "Get-Conten ...
+ ~~~~~~~~~~~~~~~~~~~~~~~~~~~~~~~~~~~~~~~~~~
    + CategoryInfo          : NotSpecified: (*** [.pio\build...udes.o] Error 1:String) [], RemoteException
    + FullyQualifiedErrorId : NativeCommandError
 
*** [.pio\build\unit\src\main.o] Error 1
*** [.pio\build\unit\src\utils.o] Error 1
========================== [FAILED] Took 2.60 seconds ==========================

Environment    Status    Duration
-------------  --------  ------------
nanoatmega328  IGNORED
unit           FAILED    00:00:02.605
==================== 1 failed, 0 succeeded in 00:00:02.605 ====================
